<?xml version="1.0" encoding="UTF-8"?>
<!-- Generated by org.testng.reporters.JUnitXMLReporter -->
<testsuite ignored="3" hostname="DESKTOP-1T195I4" failures="1" tests="22" name="Run on Chrome desktop" time="59.313" errors="0" timestamp="13 Jun 2022 09:57:23 GMT">
  <testcase classname="com.nopcommerce.user.Register_User_Nopcommerce" name="TC_01_Register_Empty_Data" time="0.87"/>
  <testcase classname="com.nopcommerce.user.Register_User_Nopcommerce" name="TC_02_Register_Invalid_Email" time="1.228"/>
  <testcase classname="com.nopcommerce.user.Register_User_Nopcommerce" name="TC_03_Register_Valid_Information" time="2.47"/>
  <testcase classname="com.nopcommerce.user.Register_User_Nopcommerce" name="TC_04_Register_Short_Password" time="1.59"/>
  <testcase classname="com.nopcommerce.user.Register_User_Nopcommerce" name="TC_05_Register_Exist_Email" time="1.443"/>
  <testcase classname="com.nopcommerce.user.Login_User_Nopcommerce" name="TC_01_Login_Empty_Data" time="0.132"/>
  <testcase classname="com.nopcommerce.user.Login_User_Nopcommerce" name="TC_02_Login_Invalid_Email" time="0.698"/>
  <testcase classname="com.nopcommerce.user.Login_User_Nopcommerce" name="TC_03_Login_Unregistered_Email" time="1.038"/>
  <testcase classname="com.nopcommerce.user.Login_User_Nopcommerce" name="TC_04_Login_Empty_Password" time="0.885"/>
  <testcase classname="com.nopcommerce.user.Login_User_Nopcommerce" name="TC_05_Login_Wrong_Password" time="0.988"/>
  <testcase classname="com.nopcommerce.user.Login_User_Nopcommerce" name="TC_06_Login_Success" time="1.476"/>
  <testcase classname="com.nopcommerce.user.Account_User_Nopcommerce" name="TC_01_Account_Customer_Information" time="3.591"/>
  <testcase classname="com.nopcommerce.user.Account_User_Nopcommerce" name="TC_02_Account_Address" time="3.807"/>
  <testcase classname="com.nopcommerce.user.Account_User_Nopcommerce" name="TC_03_Account_Change_Password" time="4.487"/>
  <testcase classname="com.nopcommerce.user.Account_User_Nopcommerce" name="TC_04_Account_My_Product_Review" time="4.164"/>
  <testcase classname="com.nopcommerce.user.Product_User_Nopcommerce" name="TC_01_Sort_Name_A_To_Z" time="0.854"/>
  <testcase classname="com.nopcommerce.user.Product_User_Nopcommerce" name="TC_02_Sort_Name_Z_To_A" time="0.892">
    <failure type="java.lang.AssertionError" message="expected [true] but found [false]">
      <![CDATA[java.lang.AssertionError: expected [true] but found [false]
at commons.BaseTest.checkTrue(BaseTest.java:124)
at commons.BaseTest.verifyTrue(BaseTest.java:136)
at com.nopcommerce.user.Product_User_Nopcommerce.TC_02_Sort_Name_Z_To_A(Product_User_Nopcommerce.java:56)
at java.base/java.util.concurrent.FutureTask.run(FutureTask.java:264)
at java.base/java.util.concurrent.ThreadPoolExecutor.runWorker(ThreadPoolExecutor.java:1128)
at java.base/java.util.concurrent.ThreadPoolExecutor$Worker.run(ThreadPoolExecutor.java:628)
at java.base/java.lang.Thread.run(Thread.java:834)
... Removed 20 stack frames]]>
    </failure>
  </testcase> <!-- TC_02_Sort_Name_Z_To_A -->
  <testcase classname="com.nopcommerce.user.Product_User_Nopcommerce" name="TC_03_Sort_Price_Low_To_High" time="0.824"/>
  <testcase classname="com.nopcommerce.user.Product_User_Nopcommerce" name="TC_04_Sort_Price_High_To_Low" time="0.832"/>
  <testcase classname="com.nopcommerce.user.Product_User_Nopcommerce" name="TC_05_Product_Display_03_Product" time="1.398"/>
  <testcase classname="com.nopcommerce.user.Product_User_Nopcommerce" name="TC_06_Product_Display_06_Product" time="6.442"/>
  <testcase classname="com.nopcommerce.user.Product_User_Nopcommerce" name="TC_07_Product_Display_09_Product" time="5.956"/>
  <testcase classname="commons.BaseTest" name="@BeforeTest deleteAllFilesInReportNGScreenshot" time="0.0">
    <ignored/>
  </testcase> <!-- @BeforeTest deleteAllFilesInReportNGScreenshot -->
  <testcase classname="commons.BaseTest" name="@BeforeTest deleteAllFilesInReportNGScreenshot" time="0.0">
    <ignored/>
  </testcase> <!-- @BeforeTest deleteAllFilesInReportNGScreenshot -->
  <testcase classname="commons.BaseTest" name="@BeforeTest deleteAllFilesInReportNGScreenshot" time="0.0">
    <ignored/>
  </testcase> <!-- @BeforeTest deleteAllFilesInReportNGScreenshot -->
</testsuite> <!-- Run on Chrome desktop -->
