<?xml version="1.0" encoding="UTF-8"?>
<!-- Generated by org.testng.reporters.JUnitXMLReporter -->
<testsuite ignored="3" hostname="DESKTOP-1T195I4" failures="1" tests="22" name="Run on Chrome laptop" time="104.266" errors="0" timestamp="13 Jun 2022 09:58:07 GMT">
  <testcase classname="com.nopcommerce.user.Register_User_Nopcommerce" name="TC_01_Register_Empty_Data" time="1.624"/>
  <testcase classname="com.nopcommerce.user.Register_User_Nopcommerce" name="TC_02_Register_Invalid_Email" time="2.228"/>
  <testcase classname="com.nopcommerce.user.Register_User_Nopcommerce" name="TC_03_Register_Valid_Information" time="4.34"/>
  <testcase classname="com.nopcommerce.user.Register_User_Nopcommerce" name="TC_04_Register_Short_Password" time="7.547"/>
  <testcase classname="com.nopcommerce.user.Register_User_Nopcommerce" name="TC_05_Register_Exist_Email" time="2.678"/>
  <testcase classname="com.nopcommerce.user.Login_User_Nopcommerce" name="TC_01_Login_Empty_Data" time="0.28"/>
  <testcase classname="com.nopcommerce.user.Login_User_Nopcommerce" name="TC_02_Login_Invalid_Email" time="1.318"/>
  <testcase classname="com.nopcommerce.user.Login_User_Nopcommerce" name="TC_03_Login_Unregistered_Email" time="1.719"/>
  <testcase classname="com.nopcommerce.user.Login_User_Nopcommerce" name="TC_04_Login_Empty_Password" time="1.48"/>
  <testcase classname="com.nopcommerce.user.Login_User_Nopcommerce" name="TC_05_Login_Wrong_Password" time="1.753"/>
  <testcase classname="com.nopcommerce.user.Login_User_Nopcommerce" name="TC_06_Login_Success" time="2.019"/>
  <testcase classname="com.nopcommerce.user.Account_User_Nopcommerce" name="TC_01_Account_Customer_Information" time="13.485"/>
  <testcase classname="com.nopcommerce.user.Account_User_Nopcommerce" name="TC_02_Account_Address" time="7.373"/>
  <testcase classname="com.nopcommerce.user.Account_User_Nopcommerce" name="TC_03_Account_Change_Password" time="7.359"/>
  <testcase classname="com.nopcommerce.user.Account_User_Nopcommerce" name="TC_04_Account_My_Product_Review" time="5.575"/>
  <testcase classname="com.nopcommerce.user.Product_User_Nopcommerce" name="TC_01_Sort_Name_A_To_Z" time="1.382"/>
  <testcase classname="com.nopcommerce.user.Product_User_Nopcommerce" name="TC_02_Sort_Name_Z_To_A" time="1.347">
    <failure type="java.lang.AssertionError" message="expected [true] but found [false]">
      <![CDATA[java.lang.AssertionError: expected [true] but found [false]
at commons.BaseTest.checkTrue(BaseTest.java:124)
at commons.BaseTest.verifyTrue(BaseTest.java:136)
at com.nopcommerce.user.Product_User_Nopcommerce.TC_02_Sort_Name_Z_To_A(Product_User_Nopcommerce.java:56)
at java.base/java.util.concurrent.FutureTask.run(FutureTask.java:264)
at java.base/java.util.concurrent.ThreadPoolExecutor.runWorker(ThreadPoolExecutor.java:1128)
at java.base/java.util.concurrent.ThreadPoolExecutor$Worker.run(ThreadPoolExecutor.java:628)
at java.base/java.lang.Thread.run(Thread.java:834)
... Removed 20 stack frames]]>
    </failure>
  </testcase> <!-- TC_02_Sort_Name_Z_To_A -->
  <testcase classname="com.nopcommerce.user.Product_User_Nopcommerce" name="TC_03_Sort_Price_Low_To_High" time="1.356"/>
  <testcase classname="com.nopcommerce.user.Product_User_Nopcommerce" name="TC_04_Sort_Price_High_To_Low" time="1.542"/>
  <testcase classname="com.nopcommerce.user.Product_User_Nopcommerce" name="TC_05_Product_Display_03_Product" time="2.457"/>
  <testcase classname="com.nopcommerce.user.Product_User_Nopcommerce" name="TC_06_Product_Display_06_Product" time="7.401"/>
  <testcase classname="com.nopcommerce.user.Product_User_Nopcommerce" name="TC_07_Product_Display_09_Product" time="6.275"/>
  <testcase classname="commons.BaseTest" name="@BeforeTest deleteAllFilesInReportNGScreenshot" time="0.0">
    <ignored/>
  </testcase> <!-- @BeforeTest deleteAllFilesInReportNGScreenshot -->
  <testcase classname="commons.BaseTest" name="@BeforeTest deleteAllFilesInReportNGScreenshot" time="0.0">
    <ignored/>
  </testcase> <!-- @BeforeTest deleteAllFilesInReportNGScreenshot -->
  <testcase classname="commons.BaseTest" name="@BeforeTest deleteAllFilesInReportNGScreenshot" time="0.0">
    <ignored/>
  </testcase> <!-- @BeforeTest deleteAllFilesInReportNGScreenshot -->
</testsuite> <!-- Run on Chrome laptop -->
