<?xml version="1.0" encoding="UTF-8"?>
<!-- Generated by org.testng.reporters.JUnitXMLReporter -->
<testsuite ignored="0" hostname="DESKTOP-1T195I4" failures="0" tests="3" name="Run on Chrome" time="37.926" errors="0" timestamp="07 Jun 2022 10:28:00 GMT">
  <testcase classname="com.nopcommerce.admin.Upload_File_Admin_Nopcommerce" name="@BeforeClass initBrowser" time="37.759">
    <failure type="org.openqa.selenium.TimeoutException" message="Expected condition failed: waiting for visibility of element located by By.xpath: //input[@id=&amp;apos;SearchProductName&amp;apos;] (tried for 30 second(s) with 500 milliseconds interval)">
      <![CDATA[org.openqa.selenium.TimeoutException: Expected condition failed: waiting for visibility of element located by By.xpath: //input[@id='SearchProductName'] (tried for 30 second(s) with 500 milliseconds interval)
at org.openqa.selenium.support.ui.WebDriverWait.timeoutException(WebDriverWait.java:95)
at org.openqa.selenium.support.ui.FluentWait.until(FluentWait.java:272)
at commons.BasePage.waitForElementVisisble(BasePage.java:448)
at pageObject.admin.nopCommerce.ProductSearchPageObject.enterToTextboxByName(ProductSearchPageObject.java:18)
at com.nopcommerce.admin.Upload_File_Admin_Nopcommerce.initBrowser(Upload_File_Admin_Nopcommerce.java:39)
Caused by: org.openqa.selenium.NoSuchWindowException: no such window: target window already closed
from unknown error: web view not found
  (Session info: chrome=102.0.5005.63)
Build info: version: '3.141.59', revision: 'e82be7d358', time: '2018-11-14T08:17:03'
System info: host: 'DESKTOP-1T195I4', ip: '192.168.1.19', os.name: 'Windows 10', os.arch: 'amd64', os.version: '10.0', java.version: '11.0.13'
Driver info: org.openqa.selenium.chrome.ChromeDriver
Capabilities {acceptInsecureCerts: false, browserName: chrome, browserVersion: 102.0.5005.63, chrome: {chromedriverVersion: 102.0.5005.61 (0e59bcc00cc4..., userDataDir: C:\Users\Welcome\AppData\Lo...}, goog:chromeOptions: {debuggerAddress: localhost:53136}, javascriptEnabled: true, networkConnectionEnabled: false, pageLoadStrategy: normal, platform: WINDOWS, platformName: WINDOWS, proxy: Proxy(), setWindowRect: true, strictFileInteractability: false, timeouts: {implicit: 0, pageLoad: 300000, script: 30000}, unhandledPromptBehavior: dismiss and notify, webauthn:extension:credBlob: true, webauthn:extension:largeBlob: true, webauthn:virtualAuthenticators: true}
Session ID: 6658e71bd687e43b03d0887e3049b4b8
*** Element info: {Using=xpath, value=//input[@id='SearchProductName']}
at org.openqa.selenium.remote.http.W3CHttpResponseCodec.createException(W3CHttpResponseCodec.java:187)
at org.openqa.selenium.remote.http.W3CHttpResponseCodec.decode(W3CHttpResponseCodec.java:122)
at org.openqa.selenium.remote.http.W3CHttpResponseCodec.decode(W3CHttpResponseCodec.java:49)
at org.openqa.selenium.remote.HttpCommandExecutor.execute(HttpCommandExecutor.java:158)
at org.openqa.selenium.remote.service.DriverCommandExecutor.execute(DriverCommandExecutor.java:83)
at org.openqa.selenium.remote.RemoteWebDriver.execute(RemoteWebDriver.java:552)
at org.openqa.selenium.remote.RemoteWebDriver.findElement(RemoteWebDriver.java:323)
at org.openqa.selenium.remote.RemoteWebDriver.findElementByXPath(RemoteWebDriver.java:428)
at org.openqa.selenium.By$ByXPath.findElement(By.java:353)
at org.openqa.selenium.remote.RemoteWebDriver.findElement(RemoteWebDriver.java:315)
at org.openqa.selenium.support.ui.ExpectedConditions$7.apply(ExpectedConditions.java:205)
at org.openqa.selenium.support.ui.ExpectedConditions$7.apply(ExpectedConditions.java:201)
at org.openqa.selenium.support.ui.FluentWait.until(FluentWait.java:249)
... 29 more
... Removed 29 stack frames]]>
    </failure>
  </testcase> <!-- @BeforeClass initBrowser -->
  <testcase classname="com.nopcommerce.admin.Upload_File_Admin_Nopcommerce" name="@AfterClass cleanBrowser" time="0.0">
    <skipped/>
  </testcase> <!-- @AfterClass cleanBrowser -->
  <testcase classname="com.nopcommerce.admin.Upload_File_Admin_Nopcommerce" name="Admin_01_Upload_File" time="0.0">
    <skipped/>
  </testcase> <!-- Admin_01_Upload_File -->
  <testcase classname="com.nopcommerce.admin.Upload_File_Admin_Nopcommerce" name="Login_02_Login_To_System" time="0.0">
    <skipped/>
  </testcase> <!-- Login_02_Login_To_System -->
  <testcase classname="com.nopcommerce.admin.Upload_File_Admin_Nopcommerce" name="Login_02_Switch_Page" time="0.0">
    <skipped/>
  </testcase> <!-- Login_02_Switch_Page -->
</testsuite> <!-- Run on Chrome -->
