<?xml version="1.0" encoding="UTF-8"?>
<!-- Generated by org.testng.reporters.JUnitReportReporter -->
<testsuite hostname="DESKTOP-1T195I4" failures="1" tests="7" name="com.nopcommerce.user.Sort_User_Nopcommerce" time="6.305" errors="0" timestamp="07 Jun 2022 10:47:40 GMT" skipped="0">
  <testcase classname="com.nopcommerce.user.Sort_User_Nopcommerce" name="TC_05_Displaye_03_Product" time="0.001"/>
  <testcase classname="com.nopcommerce.user.Sort_User_Nopcommerce" name="TC_06_Displaye_06_Product" time="0.002"/>
  <testcase classname="com.nopcommerce.user.Sort_User_Nopcommerce" name="TC_03_Sort_Price_Low_To_High" time="0.956"/>
  <testcase classname="com.nopcommerce.user.Sort_User_Nopcommerce" name="TC_07_Displaye_09_Product" time="0.001"/>
  <testcase classname="com.nopcommerce.user.Sort_User_Nopcommerce" name="TC_02_Sort_Name_Z_To_A" time="0.948">
    <failure message="expected [true] but found [false]" type="java.lang.AssertionError">
      <![CDATA[java.lang.AssertionError: expected [true] but found [false]
at org.testng.Assert.fail(Assert.java:96)
at org.testng.Assert.failNotEquals(Assert.java:776)
at org.testng.Assert.assertTrue(Assert.java:44)
at org.testng.Assert.assertTrue(Assert.java:54)
at commons.BaseTest.checkTrue(BaseTest.java:76)
at commons.BaseTest.verifyTrue(BaseTest.java:88)
at com.nopcommerce.user.Sort_User_Nopcommerce.TC_02_Sort_Name_Z_To_A(Sort_User_Nopcommerce.java:56)
at java.base/jdk.internal.reflect.NativeMethodAccessorImpl.invoke0(Native Method)
at java.base/jdk.internal.reflect.NativeMethodAccessorImpl.invoke(NativeMethodAccessorImpl.java:62)
at java.base/jdk.internal.reflect.DelegatingMethodAccessorImpl.invoke(DelegatingMethodAccessorImpl.java:43)
at java.base/java.lang.reflect.Method.invoke(Method.java:566)
at org.testng.internal.MethodInvocationHelper.invokeMethod(MethodInvocationHelper.java:124)
at org.testng.internal.Invoker.invokeMethod(Invoker.java:583)
at org.testng.internal.Invoker.invokeTestMethod(Invoker.java:719)
at org.testng.internal.Invoker.invokeTestMethods(Invoker.java:989)
at org.testng.internal.TestMethodWorker.invokeTestMethods(TestMethodWorker.java:125)
at org.testng.internal.TestMethodWorker.run(TestMethodWorker.java:109)
at org.testng.TestRunner.privateRun(TestRunner.java:648)
at org.testng.TestRunner.run(TestRunner.java:505)
at org.testng.SuiteRunner.runTest(SuiteRunner.java:455)
at org.testng.SuiteRunner.runSequentially(SuiteRunner.java:450)
at org.testng.SuiteRunner.privateRun(SuiteRunner.java:415)
at org.testng.SuiteRunner.run(SuiteRunner.java:364)
at org.testng.SuiteRunnerWorker.runSuite(SuiteRunnerWorker.java:52)
at org.testng.SuiteRunnerWorker.run(SuiteRunnerWorker.java:84)
at org.testng.TestNG.runSuitesSequentially(TestNG.java:1208)
at org.testng.TestNG.runSuitesLocally(TestNG.java:1137)
at org.testng.TestNG.runSuites(TestNG.java:1049)
at org.testng.TestNG.run(TestNG.java:1017)
at org.testng.remote.AbstractRemoteTestNG.run(AbstractRemoteTestNG.java:115)
at org.testng.remote.RemoteTestNG.initAndRun(RemoteTestNG.java:251)
at org.testng.remote.RemoteTestNG.main(RemoteTestNG.java:77)
]]>
    </failure>
  </testcase> <!-- TC_02_Sort_Name_Z_To_A -->
  <testcase classname="com.nopcommerce.user.Sort_User_Nopcommerce" name="TC_01_Sort_Name_A_To_Z" time="3.457"/>
  <testcase classname="com.nopcommerce.user.Sort_User_Nopcommerce" name="TC_04_Sort_Price_High_To_Low" time="0.940"/>
</testsuite> <!-- com.nopcommerce.user.Sort_User_Nopcommerce -->
